<?xml version="1.0" encoding="UTF-8"?>
<!-- Generated by org.testng.reporters.JUnitReportReporter -->
<testsuite skipped="0" hostname="BS-56" name="Automate.test.Library.LoanRequestPageTest" tests="1" failures="0" timestamp="03 Apr 2019 12:34:01 GMT" time="75.121" errors="0">
  <testcase name="LoanReqTest1" time="75.121" classname="Automate.test.Library.LoanRequestPageTest"/>
</testsuite> <!-- Automate.test.Library.LoanRequestPageTest -->
