<?xml version="1.0" encoding="UTF-8"?>
<!-- Generated by org.testng.reporters.JUnitReportReporter -->
<testsuite skipped="0" hostname="BS-56" name="Automate.test.Library.MorePageTest" tests="1" failures="0" timestamp="03 Apr 2019 05:43:39 GMT" time="48.263" errors="0">
  <testcase name="LoanReqTest1" time="48.263" classname="Automate.test.Library.MorePageTest"/>
</testsuite> <!-- Automate.test.Library.MorePageTest -->
